#-----------------------------------------------------------
# Vivado v2018.2 (64-bit)
# SW Build 2258646 on Thu Jun 14 20:03:12 MDT 2018
# IP Build 2256618 on Thu Jun 14 22:10:49 MDT 2018
# Start of session at: Tue Nov 30 00:47:32 2021
# Process ID: 7280
# Current directory: C:/Users/olire/Documents/workspace_VHDL/TPNUM_S5/TPNUM_TP2
# Command line: vivado.exe -gui_launcher_event rodinguilauncherevent3944 C:\Users\olire\Documents\workspace_VHDL\TPNUM_S5\TPNUM_TP2\TPNUM.xpr
# Log file: C:/Users/olire/Documents/workspace_VHDL/TPNUM_S5/TPNUM_TP2/vivado.log
# Journal file: C:/Users/olire/Documents/workspace_VHDL/TPNUM_S5/TPNUM_TP2\vivado.jou
#-----------------------------------------------------------
start_gui
open_project C:/Users/olire/Documents/workspace_VHDL/TPNUM_S5/TPNUM_TP2/TPNUM.xpr
INFO: [Project 1-313] Project file moved from 'U:/Documents/TPNUM' since last save.
Scanning sources...
Finished scanning sources
WARNING: [Project 1-231] Project 'TPNUM.xpr' was created with a future version and may or may not perform reliably with this version of Vivado. It has been opened in read-only mode for the protection of unrecognized data. Use 'File | Save Project As...' if you wish to alter a copy of the project.
INFO: [IP_Flow 19-234] Refreshing IP repositories
INFO: [IP_Flow 19-1704] No user IP repositories specified
INFO: [IP_Flow 19-2313] Loaded Vivado IP repository 'C:/Xilinx/Vivado/2018.2/data/ip'.
open_project: Time (s): cpu = 00:00:09 ; elapsed = 00:00:06 . Memory (MB): peak = 860.918 ; gain = 141.309
update_compile_order -fileset sources_1
exit
INFO: [Common 17-206] Exiting Vivado at Tue Nov 30 01:16:40 2021...
